Arguments: 
  C:\Program Files\nodejs\node.exe D:\yarn\bin\yarn.js add vue-carousel-3d --save

PATH: 
  C:\Windows\system32;C:\Windows;C:\Windows\System32\Wbem;C:\Windows\System32\WindowsPowerShell\v1.0\;C:\Windows\System32\OpenSSH\;D:\Git\cmd;C:\Program Files\MySQL\MySQL Server 8.0\bin;D:\nvm;C:\Program Files\nodejs;D:\yarn\bin\;C:\Users\ERIC\AppData\Local\Microsoft\WindowsApps;C:\Users\ERIC\AppData\Roaming\npm;D:\nvm;C:\Program Files\nodejs;C:\Users\ERIC\AppData\Local\Programs\Microsoft VS Code\bin;C:\Users\ERIC\AppData\Local\Yarn\bin

Yarn version: 
  1.16.0

Node version: 
  10.16.0

Platform: 
  win32 x64

Trace: 
  Error: https://registry.yarnpkg.com/vue-carousel-3d/-/vue-carousel-3d-0.2.0.tgz: ESOCKETTIMEDOUT
      at ClientRequest.<anonymous> (D:\yarn\lib\cli.js:130217:19)
      at Object.onceWrapper (events.js:286:20)
      at ClientRequest.emit (events.js:198:13)
      at TLSSocket.emitRequestTimeout (_http_client.js:662:40)
      at Object.onceWrapper (events.js:286:20)
      at TLSSocket.emit (events.js:198:13)
      at TLSSocket.Socket._onTimeout (net.js:442:8)
      at ontimeout (timers.js:436:11)
      at tryOnTimeout (timers.js:300:5)
      at listOnTimeout (timers.js:263:5)

npm manifest: 
  {
    "name": "e-commerce",
    "version": "1.0.0",
    "description": "e commerce",
    "main": "index.js",
    "scripts": {
      "test": "echo \"Error: no test specified\" && exit 1",
      "build": "webpack --config webpack.product.js",
      "dev": "webpack  --config webpack.dev.js",
      "devServer": "webpack-dev-server --config webpack.dev.js",
      "watch": "webpack --watch --mode development"
    },
    "author": "",
    "license": "ISC",
    "devDependencies": {
      "@babel/core": "^7.4.5",
      "@babel/preset-env": "^7.4.5",
      "autoprefixer": "^9.6.0",
      "axios": "^0.19.0",
      "babel-loader": "^8.0.6",
      "cache-loader": "^4.0.1",
      "clean-webpack-plugin": "^3.0.0",
      "css-loader": "^3.0.0",
      "express": "^4.17.1",
      "file-loader": "^4.0.0",
      "html-loader": "^0.5.5",
      "html-webpack-plugin": "^3.2.0",
      "mini-css-extract-plugin": "^0.7.0",
      "node-sass": "^4.12.0",
      "optimize-css-assets-webpack-plugin": "^5.0.3",
      "postcss": "^7.0.17",
      "postcss-loader": "^3.0.0",
      "sass-loader": "^7.1.0",
      "speed-measure-webpack-plugin": "^1.3.1",
      "style-loader": "^0.23.1",
      "terser-webpack-plugin": "^1.3.0",
      "thread-loader": "^2.1.2",
      "vue": "^2.6.10",
      "vue-axios": "^2.1.4",
      "vue-loader": "^15.7.0",
      "vue-meta": "^2.0.4",
      "vue-router": "^3.0.7",
      "vue-template-compiler": "^2.6.10",
      "webpack": "^4.35.2",
      "webpack-cli": "^3.3.5",
      "webpack-dev-middleware": "^3.7.0",
      "webpack-dev-server": "^3.7.2",
      "webpack-merge": "^4.2.1"
    },
    "dependencies": {
      "url-loader": "^2.0.1",
      "vue-carousel": "^0.18.0"
    }
  }

yarn manifest: 
  No manifest

Lockfile: 
  No lockfile
